This file contains any messages produced by compilers while
running configure, to aid debugging if configure makes a mistake.

It was created by sudoku configure 0.1, which was
generated by GNU Autoconf 2.65.  Invocation command line was

  $ ./configure 

## --------- ##
## Platform. ##
## --------- ##

hostname = william-laptop
uname -m = i686
uname -r = 2.6.32-23-generic
uname -s = Linux
uname -v = #38~ppa1~loms~lucid-Ubuntu SMP Thu Jul 1 00:01:02 UTC 2010

/usr/bin/uname -p = unknown
/bin/uname -X     = unknown

/bin/arch              = unknown
/usr/bin/arch -k       = unknown
/usr/convex/getsysinfo = unknown
/usr/bin/hostinfo      = unknown
/bin/machine           = unknown
/usr/bin/oslevel       = unknown
/bin/universe          = unknown

PATH: /usr/local/sbin
PATH: /usr/local/bin
PATH: /usr/sbin
PATH: /usr/bin
PATH: /sbin
PATH: /bin
PATH: /usr/games
PATH: /home/william/Dev/android-sdk/tools
PATH: /home/william/Dev/eclipse
PATH: /home/william/Dev/Android/bin


## ----------- ##
## Core tests. ##
## ----------- ##

configure:1790: checking for a BSD-compatible install
configure:1858: result: /usr/bin/install -c
configure:1869: checking whether build environment is sane
configure:1919: result: yes
configure:2060: checking for a thread-safe mkdir -p
configure:2099: result: /bin/mkdir -p
configure:2112: checking for gawk
configure:2128: found /usr/bin/gawk
configure:2139: result: gawk
configure:2150: checking whether make sets $(MAKE)
configure:2172: result: yes
configure:2308: checking for gcc
configure:2324: found /usr/bin/gcc
configure:2335: result: gcc
configure:2564: checking for C compiler version
configure:2573: gcc --version >&5
gcc (Ubuntu 4.4.3-4ubuntu5) 4.4.3
Copyright (C) 2009 Free Software Foundation, Inc.
This is free software; see the source for copying conditions.  There is NO
warranty; not even for MERCHANTABILITY or FITNESS FOR A PARTICULAR PURPOSE.

configure:2584: $? = 0
configure:2573: gcc -v >&5
Using built-in specs.
Target: i486-linux-gnu
Configured with: ../src/configure -v --with-pkgversion='Ubuntu 4.4.3-4ubuntu5' --with-bugurl=file:///usr/share/doc/gcc-4.4/README.Bugs --enable-languages=c,c++,fortran,objc,obj-c++ --prefix=/usr --enable-shared --enable-multiarch --enable-linker-build-id --with-system-zlib --libexecdir=/usr/lib --without-included-gettext --enable-threads=posix --with-gxx-include-dir=/usr/include/c++/4.4 --program-suffix=-4.4 --enable-nls --enable-clocale=gnu --enable-libstdcxx-debug --enable-plugin --enable-objc-gc --enable-targets=all --disable-werror --with-arch-32=i486 --with-tune=generic --enable-checking=release --build=i486-linux-gnu --host=i486-linux-gnu --target=i486-linux-gnu
Thread model: posix
gcc version 4.4.3 (Ubuntu 4.4.3-4ubuntu5) 
configure:2584: $? = 0
configure:2573: gcc -V >&5
gcc: '-V' option must have argument
configure:2584: $? = 1
configure:2573: gcc -qversion >&5
gcc: unrecognized option '-qversion'
gcc: no input files
configure:2584: $? = 1
configure:2604: checking whether the C compiler works
configure:2626: gcc    conftest.c  >&5
configure:2630: $? = 0
configure:2679: result: yes
configure:2682: checking for C compiler default output file name
configure:2684: result: a.out
configure:2690: checking for suffix of executables
configure:2697: gcc -o conftest    conftest.c  >&5
configure:2701: $? = 0
configure:2723: result: 
configure:2745: checking whether we are cross compiling
configure:2753: gcc -o conftest    conftest.c  >&5
configure:2757: $? = 0
configure:2764: ./conftest
configure:2768: $? = 0
configure:2783: result: no
configure:2788: checking for suffix of object files
configure:2810: gcc -c   conftest.c >&5
configure:2814: $? = 0
configure:2835: result: o
configure:2839: checking whether we are using the GNU C compiler
configure:2858: gcc -c   conftest.c >&5
configure:2858: $? = 0
configure:2867: result: yes
configure:2876: checking whether gcc accepts -g
configure:2896: gcc -c -g  conftest.c >&5
configure:2896: $? = 0
configure:2937: result: yes
configure:2954: checking for gcc option to accept ISO C89
configure:3018: gcc  -c -g -O2  conftest.c >&5
configure:3018: $? = 0
configure:3031: result: none needed
configure:3062: checking for style of include used by make
configure:3090: result: GNU
configure:3115: checking dependency style of gcc
configure:3225: result: gcc3
configure:3362: creating ./config.status

## ---------------------- ##
## Running config.status. ##
## ---------------------- ##

This file was extended by sudoku config.status 0.1, which was
generated by GNU Autoconf 2.65.  Invocation command line was

  CONFIG_FILES    = 
  CONFIG_HEADERS  = 
  CONFIG_LINKS    = 
  CONFIG_COMMANDS = 
  $ ./config.status 

on william-laptop

config.status:838: creating Makefile
config.status:838: creating src/Makefile
config.status:838: creating config.h
config.status:1010: config.h is unchanged
config.status:1058: executing depfiles commands

## ---------------- ##
## Cache variables. ##
## ---------------- ##

ac_cv_c_compiler_gnu=yes
ac_cv_env_CC_set=
ac_cv_env_CC_value=
ac_cv_env_CFLAGS_set=
ac_cv_env_CFLAGS_value=
ac_cv_env_CPPFLAGS_set=
ac_cv_env_CPPFLAGS_value=
ac_cv_env_LDFLAGS_set=
ac_cv_env_LDFLAGS_value=
ac_cv_env_LIBS_set=
ac_cv_env_LIBS_value=
ac_cv_env_build_alias_set=
ac_cv_env_build_alias_value=
ac_cv_env_host_alias_set=
ac_cv_env_host_alias_value=
ac_cv_env_target_alias_set=
ac_cv_env_target_alias_value=
ac_cv_objext=o
ac_cv_path_install='/usr/bin/install -c'
ac_cv_path_mkdir=/bin/mkdir
ac_cv_prog_AWK=gawk
ac_cv_prog_ac_ct_CC=gcc
ac_cv_prog_cc_c89=
ac_cv_prog_cc_g=yes
ac_cv_prog_make_make_set=yes
am_cv_CC_dependencies_compiler_type=gcc3

## ----------------- ##
## Output variables. ##
## ----------------- ##

ACLOCAL='${SHELL} /home/william/Dev/C/sudoku/sudoku/missing --run aclocal-1.11'
AMDEPBACKSLASH='\'
AMDEP_FALSE='#'
AMDEP_TRUE=''
AMTAR='${SHELL} /home/william/Dev/C/sudoku/sudoku/missing --run tar'
AUTOCONF='${SHELL} /home/william/Dev/C/sudoku/sudoku/missing --run autoconf'
AUTOHEADER='${SHELL} /home/william/Dev/C/sudoku/sudoku/missing --run autoheader'
AUTOMAKE='${SHELL} /home/william/Dev/C/sudoku/sudoku/missing --run automake-1.11'
AWK='gawk'
CC='gcc'
CCDEPMODE='depmode=gcc3'
CFLAGS='-g -O2'
CPPFLAGS=''
CYGPATH_W='echo'
DEFS='-DHAVE_CONFIG_H'
DEPDIR='.deps'
ECHO_C=''
ECHO_N='-n'
ECHO_T=''
EXEEXT=''
INSTALL_DATA='${INSTALL} -m 644'
INSTALL_PROGRAM='${INSTALL}'
INSTALL_SCRIPT='${INSTALL}'
INSTALL_STRIP_PROGRAM='$(install_sh) -c -s'
LDFLAGS=''
LIBOBJS=''
LIBS=''
LTLIBOBJS=''
MAKEINFO='${SHELL} /home/william/Dev/C/sudoku/sudoku/missing --run makeinfo'
MKDIR_P='/bin/mkdir -p'
OBJEXT='o'
PACKAGE='sudoku'
PACKAGE_BUGREPORT='w.shackleton@gmail.com'
PACKAGE_NAME='sudoku'
PACKAGE_STRING='sudoku 0.1'
PACKAGE_TARNAME='sudoku'
PACKAGE_URL=''
PACKAGE_VERSION='0.1'
PATH_SEPARATOR=':'
SET_MAKE=''
SHELL='/bin/bash'
STRIP=''
VERSION='0.1'
ac_ct_CC='gcc'
am__EXEEXT_FALSE=''
am__EXEEXT_TRUE='#'
am__fastdepCC_FALSE='#'
am__fastdepCC_TRUE=''
am__include='include'
am__isrc=''
am__leading_dot='.'
am__quote=''
am__tar='${AMTAR} chof - "$$tardir"'
am__untar='${AMTAR} xf -'
bindir='${exec_prefix}/bin'
build_alias=''
datadir='${datarootdir}'
datarootdir='${prefix}/share'
docdir='${datarootdir}/doc/${PACKAGE_TARNAME}'
dvidir='${docdir}'
exec_prefix='${prefix}'
host_alias=''
htmldir='${docdir}'
includedir='${prefix}/include'
infodir='${datarootdir}/info'
install_sh='${SHELL} /home/william/Dev/C/sudoku/sudoku/install-sh'
libdir='${exec_prefix}/lib'
libexecdir='${exec_prefix}/libexec'
localedir='${datarootdir}/locale'
localstatedir='${prefix}/var'
mandir='${datarootdir}/man'
mkdir_p='/bin/mkdir -p'
oldincludedir='/usr/include'
pdfdir='${docdir}'
prefix='/usr/local'
program_transform_name='s,x,x,'
psdir='${docdir}'
sbindir='${exec_prefix}/sbin'
sharedstatedir='${prefix}/com'
sysconfdir='${prefix}/etc'
target_alias=''

## ----------- ##
## confdefs.h. ##
## ----------- ##

/* confdefs.h */
#define PACKAGE_NAME "sudoku"
#define PACKAGE_TARNAME "sudoku"
#define PACKAGE_VERSION "0.1"
#define PACKAGE_STRING "sudoku 0.1"
#define PACKAGE_BUGREPORT "w.shackleton@gmail.com"
#define PACKAGE_URL ""
#define PACKAGE "sudoku"
#define VERSION "0.1"

configure: exit 0
